# JRE version: OpenJDK Runtime Environment Temurin-17.0.15+6 (17.0.15+6) (build 17.0.15+6)
# Java VM: OpenJDK 64-Bit Server VM Temurin-17.0.15+6 (17.0.15+6, mixed mode, sharing, tiered, compressed oops, compressed class ptrs, g1 gc, windows-amd64)
GC Precious Log:
 CPUs: 8 total, 8 available
 Memory: 16167M
 Large Page Support: Disabled
 NUMA Support: Disabled
 Compressed Oops: Enabled (Zero based)
 Heap Region Size: 2M
 Heap Min Capacity: 8M
 Heap Initial Capacity: 254M
 Heap Max Capacity: 4042M
 Pre-touch: Disabled
 Parallel Workers: 8
 Concurrent Workers: 2
 Concurrent Refinement Workers: 8
 Periodic GC: Disabled
Heap:
 garbage-first heap   total 935936K, used 325082K [0x0000000703600000, 0x0000000800000000)
  region size 2048K, 4 young (8192K), 4 survivors (8192K)
 Metaspace       used 164025K, committed 169024K, reserved 1245184K
  class space    used 20932K, committed 23168K, reserved 1048576K
GC Heap History (20 events):
Event: 5858.623 GC heap after
{Heap after GC invocations=165 (full 0):
 garbage-first heap   total 1052672K, used 283607K [0x0000000703600000, 0x0000000800000000)
  region size 2048K, 4 young (8192K), 4 survivors (8192K)
 Metaspace       used 163858K, committed 168768K, reserved 1245184K
  class space    used 20931K, committed 23168K, reserved 1048576K
}
Event: 5858.650 GC heap before
{Heap before GC invocations=165 (full 0):
 garbage-first heap   total 1052672K, used 285655K [0x0000000703600000, 0x0000000800000000)
  region size 2048K, 6 young (12288K), 4 survivors (8192K)
 Metaspace       used 163858K, committed 168768K, reserved 1245184K
  class space    used 20931K, committed 23168K, reserved 1048576K
}
Event: 5858.659 GC heap after
{Heap after GC invocations=166 (full 0):
 garbage-first heap   total 2287616K, used 285250K [0x0000000703600000, 0x0000000800000000)
  region size 2048K, 5 young (10240K), 5 survivors (10240K)
 Metaspace       used 163858K, committed 168768K, reserved 1245184K
  class space    used 20931K, committed 23168K, reserved 1048576K
}
Event: 6187.625 GC heap before
{Heap before GC invocations=167 (full 0):
 garbage-first heap   total 970752K, used 797250K [0x0000000703600000, 0x0000000800000000)
  region size 2048K, 263 young (538624K), 5 survivors (10240K)
 Metaspace       used 174195K, committed 176960K, reserved 1245184K
  class space    used 22088K, committed 23488K, reserved 1048576K
}
Event: 6187.661 GC heap after
{Heap after GC invocations=168 (full 0):
 garbage-first heap   total 970752K, used 306446K [0x0000000703600000, 0x0000000800000000)
  region size 2048K, 29 young (59392K), 29 survivors (59392K)
 Metaspace       used 174195K, committed 176960K, reserved 1245184K
  class space    used 22088K, committed 23488K, reserved 1048576K
}
Event: 6187.682 GC heap before
{Heap before GC invocations=168 (full 0):
 garbage-first heap   total 970752K, used 314638K [0x0000000703600000, 0x0000000800000000)
  region size 2048K, 30 young (61440K), 29 survivors (59392K)
 Metaspace       used 174195K, committed 176960K, reserved 1245184K
  class space    used 22088K, committed 23488K, reserved 1048576K
}
Event: 6187.777 GC heap after
{Heap after GC invocations=169 (full 0):
 garbage-first heap   total 970752K, used 244331K [0x0000000703600000, 0x0000000800000000)
  region size 2048K, 4 young (8192K), 4 survivors (8192K)
 Metaspace       used 174195K, committed 176960K, reserved 1245184K
  class space    used 22088K, committed 23488K, reserved 1048576K
}
Event: 6188.208 GC heap before
{Heap before GC invocations=169 (full 0):
 garbage-first heap   total 970752K, used 461419K [0x0000000703600000, 0x0000000800000000)
  region size 2048K, 112 young (229376K), 4 survivors (8192K)
 Metaspace       used 174222K, committed 176960K, reserved 1245184K
  class space    used 22088K, committed 23488K, reserved 1048576K
}
Event: 6188.221 GC heap after
{Heap after GC invocations=170 (full 0):
 garbage-first heap   total 970752K, used 243164K [0x0000000703600000, 0x0000000800000000)
  region size 2048K, 3 young (6144K), 3 survivors (6144K)
 Metaspace       used 174222K, committed 176960K, reserved 1245184K
  class space    used 22088K, committed 23488K, reserved 1048576K
}
Event: 6189.259 GC heap before
{Heap before GC invocations=171 (full 0):
 garbage-first heap   total 935936K, used 687580K [0x0000000703600000, 0x0000000800000000)
  region size 2048K, 215 young (440320K), 3 survivors (6144K)
 Metaspace       used 163925K, committed 169024K, reserved 1245184K
  class space    used 20919K, committed 23168K, reserved 1048576K
}
Event: 6189.339 GC heap after
{Heap after GC invocations=172 (full 0):
 garbage-first heap   total 935936K, used 337775K [0x0000000703600000, 0x0000000800000000)
  region size 2048K, 27 young (55296K), 27 survivors (55296K)
 Metaspace       used 163925K, committed 169024K, reserved 1245184K
  class space    used 20919K, committed 23168K, reserved 1048576K
}
Event: 6189.348 GC heap before
{Heap before GC invocations=172 (full 0):
 garbage-first heap   total 935936K, used 339823K [0x0000000703600000, 0x0000000800000000)
  region size 2048K, 28 young (57344K), 27 survivors (55296K)
 Metaspace       used 163925K, committed 169024K, reserved 1245184K
  class space    used 20919K, committed 23168K, reserved 1048576K
}
Event: 6189.396 GC heap after
{Heap after GC invocations=173 (full 0):
 garbage-first heap   total 935936K, used 307340K [0x0000000703600000, 0x0000000800000000)
  region size 2048K, 1 young (2048K), 1 survivors (2048K)
 Metaspace       used 163925K, committed 169024K, reserved 1245184K
  class space    used 20919K, committed 23168K, reserved 1048576K
}
Event: 6189.523 GC heap before
{Heap before GC invocations=173 (full 0):
 garbage-first heap   total 935936K, used 346252K [0x0000000703600000, 0x0000000800000000)
  region size 2048K, 21 young (43008K), 1 survivors (2048K)
 Metaspace       used 163925K, committed 169024K, reserved 1245184K
  class space    used 20919K, committed 23168K, reserved 1048576K
}
Event: 6189.537 GC heap after
{Heap after GC invocations=174 (full 0):
 garbage-first heap   total 935936K, used 308996K [0x0000000703600000, 0x0000000800000000)
  region size 2048K, 2 young (4096K), 2 survivors (4096K)
 Metaspace       used 163925K, committed 169024K, reserved 1245184K
  class space    used 20919K, committed 23168K, reserved 1048576K
}
Event: 6191.664 GC heap before
{Heap before GC invocations=175 (full 0):
 garbage-first heap   total 935936K, used 718596K [0x0000000703600000, 0x0000000800000000)
  region size 2048K, 183 young (374784K), 2 survivors (4096K)
 Metaspace       used 163948K, committed 169024K, reserved 1245184K
  class space    used 20919K, committed 23168K, reserved 1048576K
}
Event: 6191.684 GC heap after
{Heap after GC invocations=176 (full 0):
 garbage-first heap   total 935936K, used 337729K [0x0000000703600000, 0x0000000800000000)
  region size 2048K, 13 young (26624K), 13 survivors (26624K)
 Metaspace       used 163948K, committed 169024K, reserved 1245184K
  class space    used 20919K, committed 23168K, reserved 1048576K
}
Event: 6191.852 GC heap before
{Heap before GC invocations=176 (full 0):
 garbage-first heap   total 935936K, used 356161K [0x0000000703600000, 0x0000000800000000)
  region size 2048K, 22 young (45056K), 13 survivors (26624K)
 Metaspace       used 164025K, committed 169024K, reserved 1245184K
  class space    used 20932K, committed 23168K, reserved 1048576K
}
Event: 6191.877 GC heap after
{Heap after GC invocations=177 (full 0):
 garbage-first heap   total 935936K, used 322596K [0x0000000703600000, 0x0000000800000000)
  region size 2048K, 3 young (6144K), 3 survivors (6144K)
 Metaspace       used 164025K, committed 169024K, reserved 1245184K
  class space    used 20932K, committed 23168K, reserved 1048576K
}
Event: 6192.010 GC heap before
{Heap before GC invocations=177 (full 0):
 garbage-first heap   total 935936K, used 332836K [0x0000000703600000, 0x0000000800000000)
  region size 2048K, 9 young (18432K), 3 survivors (6144K)
 Metaspace       used 164025K, committed 169024K, reserved 1245184K
  class space    used 20932K, committed 23168K, reserved 1048576K
}

